PullRefreshLibrary-master/build/intermediates/manifest_merge_blame_file/debug/manifest-merger-blame-debug-report.txt
1<?xml version="1.0" encoding="utf-8"?>
2<manifest xmlns:android="http://schemas.android.com/apk/res/android"
3    package="com.handmark.pulltorefresh.library"
4    android:versionCode="2110"
5    android:versionName="2.1.1" >
6
7    <application />
7-->Android-PullToRefresh-master\PullRefreshLibrary-master\AndroidManifest.xml:9:5-20
8
9</manifest>